<?xml version="1.0" encoding="UTF-8"?>
<!-- Generated by org.testng.reporters.JUnitReportReporter -->
<testsuite skipped="0" hostname="Soumya-PC" name="com.actitime.usertest.UserTest" tests="3" failures="0" timestamp="04 Sep 2019 15:39:44 GMT" time="8.682" errors="0">
  <testcase name="createuserTest" time="1.837" classname="com.actitime.usertest.UserTest"/>
  <testcase name="modifyuserTest" time="4.348" classname="com.actitime.usertest.UserTest"/>
  <testcase name="deleteuserTest" time="2.497" classname="com.actitime.usertest.UserTest"/>
</testsuite> <!-- com.actitime.usertest.UserTest -->
