<?xml version="1.0" encoding="UTF-8"?>
<!-- Generated by org.testng.reporters.JUnitReportReporter -->
<testsuite skipped="0" hostname="Soumya-PC" name="com.actitime.customertest.CreateCustomerTest" tests="2" failures="0" timestamp="10 Sep 2019 15:49:02 GMT" time="11.149" errors="0">
  <testcase name="createcustomerTest" time="5.020" classname="com.actitime.customertest.CreateCustomerTest"/>
  <testcase name="createcustwithdesc" time="6.129" classname="com.actitime.customertest.CreateCustomerTest"/>
</testsuite> <!-- com.actitime.customertest.CreateCustomerTest -->
