<?xml version="1.0" encoding="UTF-8"?>
<!-- Generated by org.testng.reporters.JUnitReportReporter -->
<testsuite skipped="0" hostname="Soumya-PC" name="com.actitime.usertest.UserTest1" tests="1" failures="0" timestamp="09 Sep 2019 15:31:24 GMT" time="6.394" errors="0">
  <testcase name="userTest" time="6.394" classname="com.actitime.usertest.UserTest1"/>
</testsuite> <!-- com.actitime.usertest.UserTest1 -->
