<?xml version="1.0" encoding="UTF-8"?>
<!-- Generated by org.testng.reporters.JUnitReportReporter -->
<testsuite skipped="0" hostname="Soumya-PC" name="datadriventest.Readdata1" tests="1" failures="0" timestamp="30 Aug 2019 16:30:41 GMT" time="0.039" errors="0">
  <testcase name="dataread" time="0.039" classname="datadriventest.Readdata1"/>
</testsuite> <!-- datadriventest.Readdata1 -->
